Loaded /home/james/Dropbox/repos/OSC-Demos/Renoise/midi-hook/midi-hook.rb
-------- Create MidiListener.new
#### register_method_for_event Note Off: D3, swap_tracks, ["D3", "10", "6", "7"]
Register 'Note Off: D3' to call swap_tracks
@event_registry[verbose_event_name]:  {"Note Off: D3"=>[["swap_tracks", ["D3", "10", "6", "7"]]]}
#### register_method_for_event Note Off: D3, wrap_up, ["D3", "20"]
Register 'Note Off: D3' to call wrap_up
@event_registry[verbose_event_name]:  {"Note Off: D3"=>[["swap_tracks", ["D3", "10", "6", "7"]], ["wrap_up", ["D3", "20"]]]}
#### register_method_for_event Note Off: C3, debuggery, ["C3", "/renoise/trigger/note_on"]
Register 'Note Off: C3' to call debuggery
@event_registry[verbose_event_name]:  {"Note Off: D3"=>[["swap_tracks", ["D3", "10", "6", "7"]], ["wrap_up", ["D3", "20"]]], "Note Off: C3"=>[["debuggery", ["C3", "/renoise/trigger/note_on"]]]}
#### register_method_for_event Note Off: D3, play_lead, ["/renoise/trigger/note_on"]
Register 'Note Off: D3' to call play_lead
@event_registry[verbose_event_name]:  {"Note Off: D3"=>[["swap_tracks", ["D3", "10", "6", "7"]], ["wrap_up", ["D3", "20"]], ["play_lead", ["/renoise/trigger/note_on"]]], "Note Off: C3"=>[["debuggery", ["C3", "/renoise/trigger/note_on"]]]}
#### register_method_for_event Note Off: C3, tweak_noise, ["C3", "/renoise/song/track/5/device/1/set_parameter_by_name", "Volume"]
Register 'Note Off: C3' to call tweak_noise
@event_registry[verbose_event_name]:  {"Note Off: D3"=>[["swap_tracks", ["D3", "10", "6", "7"]], ["wrap_up", ["D3", "20"]], ["play_lead", ["/renoise/trigger/note_on"]]], "Note Off: C3"=>[["debuggery", ["C3", "/renoise/trigger/note_on"]], ["tweak_noise", ["C3", "/renoise/song/track/5/device/1/set_parameter_by_name", "Volume"]]]}
#### register_method_for_event Note Off: C3, tweak_hh, ["C3", "/renoise/song/track/4/device/2/set_parameter_by_name", "Feedback", "27"]
Register 'Note Off: C3' to call tweak_hh
@event_registry[verbose_event_name]:  {"Note Off: D3"=>[["swap_tracks", ["D3", "10", "6", "7"]], ["wrap_up", ["D3", "20"]], ["play_lead", ["/renoise/trigger/note_on"]]], "Note Off: C3"=>[["debuggery", ["C3", "/renoise/trigger/note_on"]], ["tweak_noise", ["C3", "/renoise/song/track/5/device/1/set_parameter_by_name", "Volume"]], ["tweak_hh", ["C3", "/renoise/song/track/4/device/2/set_parameter_by_name", "Feedback", "27"]]]}
---------------------------------
.-------75 --------------------------

************************ RUN MIDI ************************ 
..
					C3 => 1


					G9 => 1

....
					Start => 1


					System Exclusive => 1

.............................................................
					C3 => 2


					C3 => 3

..................................................................
					C3 => 4


					C3 => 5

..................................................................
					C3 => 6


					C3 => 7

..................................................................
					C3 => 8


					C3 => 9

..................................................................
					C3 => 10


					C3 => 11

..................................................................
					C3 => 12


					C3 => 13

..................................................................
					C3 => 14


					C3 => 15

.................................................................
					C3 => 16


					C3 => 17


					D3 => 1


					D3 => 2

..................................................................
					C3 => 18


					C3 => 19

..................................................................
					C3 => 20


					C3 => 21

.................................................................
					C3 => 22


					C3 => 23

..................................................................
					C3 => 24


					C3 => 25

..................................................................
					C3 => 26


					C3 => 27

.................................................................
					C3 => 28


					C3 => 29

..................................................................
					C3 => 30


					C3 => 31

..................................................................
					C3 => 32


					C3 => 33


					D3 => 3

..
					D3 => 4

...............................................................
					C3 => 34


					C3 => 35

..................................................................
					C3 => 36


					C3 => 37

.................................................................
					C3 => 38


					C3 => 39

..................................................................
					C3 => 40


					C3 => 41

..................................................................
					C3 => 42


					C3 => 43

.................................................................
					C3 => 44


					C3 => 45

..................................................................
					C3 => 46


					C3 => 47

.................................................................
					C3 => 48

.
					C3 => 49


					D3 => 5

..
					D3 => 6

...............................................................
					C3 => 50


					C3 => 51

..................................................................
					C3 => 52


					C3 => 53

..................................................................
					C3 => 54


					C3 => 55

.................................................................
					C3 => 56


					C3 => 57

..................................................................
					C3 => 58


					C3 => 59

..................................................................
					C3 => 60


					C3 => 61

..................................................................
					C3 => 62


					C3 => 63

..................................................................
					C3 => 64


					C3 => 65


					D3 => 7

..
					D3 => 8

................................................................
					C3 => 66


					C3 => 67

.................................................................
					C3 => 68


					C3 => 69

..................................................................
					C3 => 70


					C3 => 71

..................................................................
					C3 => 72


					C3 => 73

.................................................................
					C3 => 74


					C3 => 75

..................................................................
					C3 => 76


					C3 => 77

..................................................................
					C3 => 78


					C3 => 79

..................................................................
					C3 => 80


					C3 => 81


					D3 => 9

..
					D3 => 10

...............................................................
					C3 => 82


					C3 => 83

..................................................................
					C3 => 84


					C3 => 85

.................................................................
					C3 => 86


					C3 => 87

..................................................................
					C3 => 88


					C3 => 89

..................................................................
					C3 => 90


					C3 => 91

.................................................................
					C3 => 92


					C3 => 93

..................................................................
					C3 => 94


					C3 => 95

..................................................................
					C3 => 96


					C3 => 97


					D3 => 11

..
					D3 => 12

...............................................................
					C3 => 98


					C3 => 99

..................................................................
					C3 => 100


					C3 => 101

......................